<?xml version="1.0" encoding="UTF-8"?>
<!-- Generated by org.testng.reporters.JUnitXMLReporter -->
<testsuite hostname="prudhvis-MacBook-Pro.local" ignored="0" name="ChromeTest1" tests="2" failures="1" timestamp="21 Oct 2017 13:47:57 GMT" time="27.407" errors="0">
  <testcase name="addtocart" time="6.954" classname="com.tekstrom.testng.DemoTestNG1"/>
  <testcase name="listtheprice" time="15.08" classname="com.tekstrom.testng.DemoTestNG1">
    <failure type="org.openqa.selenium.NoSuchElementException" message="Unable to locate element: .login
For documentation on this error, please visit: http://seleniumhq.org/exceptions/no_such_element.html
Build info: version: &amp;apos;3.6.0&amp;apos;, revision: &amp;apos;6fbf3ec767&amp;apos;, time: &amp;apos;2017-09-27T16:15:40.131Z&amp;apos;
System info: host: &amp;apos;prudhvis-MacBook-Pro.local&amp;apos;, ip: &amp;apos;2601:45:401:eef0:0:0:0:b500&amp;apos;, os.name: &amp;apos;Mac OS X&amp;apos;, os.arch: &amp;apos;x86_64&amp;apos;, os.version: &amp;apos;10.12.6&amp;apos;, java.version: &amp;apos;1.8.0_121&amp;apos;
Driver info: org.openqa.selenium.firefox.FirefoxDriver
Capabilities [{moz:profile=/var/folders/0l/7_s4lcdn2779cc3pqnr53zc00000gn/T/rust_mozprofile.oKKi2GLYOCBh, rotatable=false, timeouts={implicit=0, pageLoad=300000, script=30000}, pageLoadStrategy=normal, moz:headless=false, platform=MAC, specificationLevel=0, moz:accessibilityChecks=false, acceptInsecureCerts=true, browserVersion=56.0, platformVersion=16.7.0, moz:processID=1750, browserName=firefox, javascriptEnabled=true, platformName=MAC}]
Session ID: eac254fc-14d9-6045-bff9-38563c30ccac
*** Element info: {Using=class name, value=login}">
      <![CDATA[org.openqa.selenium.NoSuchElementException: Unable to locate element: .login
For documentation on this error, please visit: http://seleniumhq.org/exceptions/no_such_element.html
Build info: version: '3.6.0', revision: '6fbf3ec767', time: '2017-09-27T16:15:40.131Z'
System info: host: 'prudhvis-MacBook-Pro.local', ip: '2601:45:401:eef0:0:0:0:b500', os.name: 'Mac OS X', os.arch: 'x86_64', os.version: '10.12.6', java.version: '1.8.0_121'
Driver info: org.openqa.selenium.firefox.FirefoxDriver
Capabilities [{moz:profile=/var/folders/0l/7_s4lcdn2779cc3pqnr53zc00000gn/T/rust_mozprofile.oKKi2GLYOCBh, rotatable=false, timeouts={implicit=0, pageLoad=300000, script=30000}, pageLoadStrategy=normal, moz:headless=false, platform=MAC, specificationLevel=0, moz:accessibilityChecks=false, acceptInsecureCerts=true, browserVersion=56.0, platformVersion=16.7.0, moz:processID=1750, browserName=firefox, javascriptEnabled=true, platformName=MAC}]
Session ID: eac254fc-14d9-6045-bff9-38563c30ccac
*** Element info: {Using=class name, value=login}
	at org.openqa.selenium.remote.http.W3CHttpResponseCodec.createException(W3CHttpResponseCodec.java:185)
	at org.openqa.selenium.remote.http.W3CHttpResponseCodec.decode(W3CHttpResponseCodec.java:120)
	at org.openqa.selenium.remote.http.W3CHttpResponseCodec.decode(W3CHttpResponseCodec.java:49)
	at org.openqa.selenium.remote.HttpCommandExecutor.execute(HttpCommandExecutor.java:164)
	at org.openqa.selenium.remote.service.DriverCommandExecutor.execute(DriverCommandExecutor.java:83)
	at org.openqa.selenium.remote.RemoteWebDriver.execute(RemoteWebDriver.java:586)
	at org.openqa.selenium.remote.RemoteWebDriver.findElement(RemoteWebDriver.java:356)
	at org.openqa.selenium.remote.RemoteWebDriver.findElementByClassName(RemoteWebDriver.java:442)
	at org.openqa.selenium.By$ByClassName.findElement(By.java:391)
	at org.openqa.selenium.remote.RemoteWebDriver.findElement(RemoteWebDriver.java:348)
	at com.tekstrom.testng.DemoTestNG1.listtheprice(DemoTestNG1.java:69)
... Removed 29 stack frames]]>
    </failure>
  </testcase> <!-- listtheprice -->
</testsuite> <!-- ChromeTest1 -->
